[2024-02-13T06:52:43.008+0000] {taskinstance.py:1956} INFO - Dependencies all met for dep_context=non-requeueable deps ti=<TaskInstance: ny_taxi-load_to_pg.upload_to_pg manual__2024-02-13T06:52:40.893667+00:00 [queued]>
[2024-02-13T06:52:43.017+0000] {taskinstance.py:1956} INFO - Dependencies all met for dep_context=requeueable deps ti=<TaskInstance: ny_taxi-load_to_pg.upload_to_pg manual__2024-02-13T06:52:40.893667+00:00 [queued]>
[2024-02-13T06:52:43.018+0000] {taskinstance.py:2170} INFO - Starting attempt 1 of 1
[2024-02-13T06:52:43.033+0000] {taskinstance.py:2191} INFO - Executing <Task(PythonOperator): upload_to_pg> on 2024-02-13 06:52:40.893667+00:00
[2024-02-13T06:52:43.038+0000] {standard_task_runner.py:60} INFO - Started process 92 to run task
[2024-02-13T06:52:43.041+0000] {standard_task_runner.py:87} INFO - Running: ['***', 'tasks', 'run', 'ny_taxi-load_to_pg', 'upload_to_pg', 'manual__2024-02-13T06:52:40.893667+00:00', '--job-id', '30', '--raw', '--subdir', 'DAGS_FOLDER/dag_ny_taxi_load_to_pg.py', '--cfg-path', '/tmp/tmpfnf5mdhk']
[2024-02-13T06:52:43.042+0000] {standard_task_runner.py:88} INFO - Job 30: Subtask upload_to_pg
[2024-02-13T06:52:43.083+0000] {task_command.py:423} INFO - Running <TaskInstance: ny_taxi-load_to_pg.upload_to_pg manual__2024-02-13T06:52:40.893667+00:00 [running]> on host 7b7b8b9b0fa9
[2024-02-13T06:52:43.151+0000] {taskinstance.py:2480} INFO - Exporting env vars: AIRFLOW_CTX_DAG_OWNER='***' AIRFLOW_CTX_DAG_ID='ny_taxi-load_to_pg' AIRFLOW_CTX_TASK_ID='upload_to_pg' AIRFLOW_CTX_EXECUTION_DATE='2024-02-13T06:52:40.893667+00:00' AIRFLOW_CTX_TRY_NUMBER='1' AIRFLOW_CTX_DAG_RUN_ID='manual__2024-02-13T06:52:40.893667+00:00'
[2024-02-13T07:54:35.857+0000] {warnings.py:109} WARNING - /opt/***/dags/upload_to_pg.py:18: DtypeWarning: Columns (6) have mixed types. Specify dtype option on import or set low_memory=False.
  df = pd.read_csv(f"/mnt/ny_taxi/{file}", compression="gzip")

[2024-02-13T08:03:27.287+0000] {warnings.py:109} WARNING - /opt/***/dags/upload_to_pg.py:18: DtypeWarning: Columns (6) have mixed types. Specify dtype option on import or set low_memory=False.
  df = pd.read_csv(f"/mnt/ny_taxi/{file}", compression="gzip")

[2024-02-13T08:12:07.473+0000] {warnings.py:109} WARNING - /opt/***/dags/upload_to_pg.py:18: DtypeWarning: Columns (6) have mixed types. Specify dtype option on import or set low_memory=False.
  df = pd.read_csv(f"/mnt/ny_taxi/{file}", compression="gzip")

[2024-02-13T08:21:27.432+0000] {warnings.py:109} WARNING - /opt/***/dags/upload_to_pg.py:18: DtypeWarning: Columns (6) have mixed types. Specify dtype option on import or set low_memory=False.
  df = pd.read_csv(f"/mnt/ny_taxi/{file}", compression="gzip")

[2024-02-13T08:31:39.798+0000] {warnings.py:109} WARNING - /opt/***/dags/upload_to_pg.py:18: DtypeWarning: Columns (6) have mixed types. Specify dtype option on import or set low_memory=False.
  df = pd.read_csv(f"/mnt/ny_taxi/{file}", compression="gzip")

[2024-02-13T08:41:24.708+0000] {warnings.py:109} WARNING - /opt/***/dags/upload_to_pg.py:18: DtypeWarning: Columns (6) have mixed types. Specify dtype option on import or set low_memory=False.
  df = pd.read_csv(f"/mnt/ny_taxi/{file}", compression="gzip")

[2024-02-13T08:51:03.156+0000] {warnings.py:109} WARNING - /opt/***/dags/upload_to_pg.py:18: DtypeWarning: Columns (6) have mixed types. Specify dtype option on import or set low_memory=False.
  df = pd.read_csv(f"/mnt/ny_taxi/{file}", compression="gzip")

[2024-02-13T08:59:54.407+0000] {warnings.py:109} WARNING - /opt/***/dags/upload_to_pg.py:18: DtypeWarning: Columns (6) have mixed types. Specify dtype option on import or set low_memory=False.
  df = pd.read_csv(f"/mnt/ny_taxi/{file}", compression="gzip")

[2024-02-13T09:08:26.749+0000] {warnings.py:109} WARNING - /opt/***/dags/upload_to_pg.py:18: DtypeWarning: Columns (6) have mixed types. Specify dtype option on import or set low_memory=False.
  df = pd.read_csv(f"/mnt/ny_taxi/{file}", compression="gzip")

[2024-02-13T09:12:30.834+0000] {warnings.py:109} WARNING - /opt/***/dags/upload_to_pg.py:18: DtypeWarning: Columns (6) have mixed types. Specify dtype option on import or set low_memory=False.
  df = pd.read_csv(f"/mnt/ny_taxi/{file}", compression="gzip")

[2024-02-13T09:12:50.852+0000] {warnings.py:109} WARNING - /opt/***/dags/upload_to_pg.py:18: DtypeWarning: Columns (6) have mixed types. Specify dtype option on import or set low_memory=False.
  df = pd.read_csv(f"/mnt/ny_taxi/{file}", compression="gzip")

[2024-02-13T09:13:20.157+0000] {warnings.py:109} WARNING - /opt/***/dags/upload_to_pg.py:18: DtypeWarning: Columns (6) have mixed types. Specify dtype option on import or set low_memory=False.
  df = pd.read_csv(f"/mnt/ny_taxi/{file}", compression="gzip")

[2024-02-13T09:14:06.559+0000] {warnings.py:109} WARNING - /opt/***/dags/upload_to_pg.py:18: DtypeWarning: Columns (6) have mixed types. Specify dtype option on import or set low_memory=False.
  df = pd.read_csv(f"/mnt/ny_taxi/{file}", compression="gzip")

[2024-02-13T09:15:14.340+0000] {warnings.py:109} WARNING - /opt/***/dags/upload_to_pg.py:18: DtypeWarning: Columns (6) have mixed types. Specify dtype option on import or set low_memory=False.
  df = pd.read_csv(f"/mnt/ny_taxi/{file}", compression="gzip")

[2024-02-13T09:16:38.761+0000] {warnings.py:109} WARNING - /opt/***/dags/upload_to_pg.py:18: DtypeWarning: Columns (6) have mixed types. Specify dtype option on import or set low_memory=False.
  df = pd.read_csv(f"/mnt/ny_taxi/{file}", compression="gzip")

[2024-02-13T09:18:32.094+0000] {warnings.py:109} WARNING - /opt/***/dags/upload_to_pg.py:18: DtypeWarning: Columns (6) have mixed types. Specify dtype option on import or set low_memory=False.
  df = pd.read_csv(f"/mnt/ny_taxi/{file}", compression="gzip")

[2024-02-13T09:20:55.142+0000] {warnings.py:109} WARNING - /opt/***/dags/upload_to_pg.py:18: DtypeWarning: Columns (6) have mixed types. Specify dtype option on import or set low_memory=False.
  df = pd.read_csv(f"/mnt/ny_taxi/{file}", compression="gzip")

[2024-02-13T09:23:07.156+0000] {warnings.py:109} WARNING - /opt/***/dags/upload_to_pg.py:18: DtypeWarning: Columns (6) have mixed types. Specify dtype option on import or set low_memory=False.
  df = pd.read_csv(f"/mnt/ny_taxi/{file}", compression="gzip")

[2024-02-13T09:25:07.079+0000] {python.py:201} INFO - Done. Returned value was: None
[2024-02-13T09:25:07.088+0000] {taskinstance.py:1138} INFO - Marking task as SUCCESS. dag_id=ny_taxi-load_to_pg, task_id=upload_to_pg, execution_date=20240213T065240, start_date=20240213T065243, end_date=20240213T092507
[2024-02-13T09:25:07.627+0000] {local_task_job_runner.py:234} INFO - Task exited with return code 0
[2024-02-13T09:25:07.650+0000] {taskinstance.py:3280} INFO - 0 downstream tasks scheduled from follow-on schedule check
