[2024-02-13T15:21:49.518+0000] {taskinstance.py:1956} INFO - Dependencies all met for dep_context=non-requeueable deps ti=<TaskInstance: ny_taxi-load_to_pg.upload_to_pg manual__2024-02-13T15:21:46.658987+00:00 [queued]>
[2024-02-13T15:21:49.532+0000] {taskinstance.py:1956} INFO - Dependencies all met for dep_context=requeueable deps ti=<TaskInstance: ny_taxi-load_to_pg.upload_to_pg manual__2024-02-13T15:21:46.658987+00:00 [queued]>
[2024-02-13T15:21:49.533+0000] {taskinstance.py:2170} INFO - Starting attempt 1 of 1
[2024-02-13T15:21:49.553+0000] {taskinstance.py:2191} INFO - Executing <Task(PythonOperator): upload_to_pg> on 2024-02-13 15:21:46.658987+00:00
[2024-02-13T15:21:49.559+0000] {standard_task_runner.py:60} INFO - Started process 649 to run task
[2024-02-13T15:21:49.562+0000] {standard_task_runner.py:87} INFO - Running: ['***', 'tasks', 'run', 'ny_taxi-load_to_pg', 'upload_to_pg', 'manual__2024-02-13T15:21:46.658987+00:00', '--job-id', '34', '--raw', '--subdir', 'DAGS_FOLDER/dag_ny_taxi_load_to_pg.py', '--cfg-path', '/tmp/tmp9wj67s3u']
[2024-02-13T15:21:49.564+0000] {standard_task_runner.py:88} INFO - Job 34: Subtask upload_to_pg
[2024-02-13T15:21:49.619+0000] {task_command.py:423} INFO - Running <TaskInstance: ny_taxi-load_to_pg.upload_to_pg manual__2024-02-13T15:21:46.658987+00:00 [running]> on host 7b7b8b9b0fa9
[2024-02-13T15:21:49.721+0000] {taskinstance.py:2480} INFO - Exporting env vars: AIRFLOW_CTX_DAG_OWNER='***' AIRFLOW_CTX_DAG_ID='ny_taxi-load_to_pg' AIRFLOW_CTX_TASK_ID='upload_to_pg' AIRFLOW_CTX_EXECUTION_DATE='2024-02-13T15:21:46.658987+00:00' AIRFLOW_CTX_TRY_NUMBER='1' AIRFLOW_CTX_DAG_RUN_ID='manual__2024-02-13T15:21:46.658987+00:00'
[2024-02-13T15:27:08.064+0000] {warnings.py:109} WARNING - /opt/***/dags/upload_to_pg.py:32: UserWarning: Could not infer format, so each element will be parsed individually, falling back to `dateutil`. To ensure parsing is consistent and as-expected, please specify a format.
  chunk["dropOff_datetime"] = pd.to_datetime(chunk["dropOff_datetime"])

[2024-02-13T15:31:03.273+0000] {warnings.py:109} WARNING - /opt/***/dags/upload_to_pg.py:31: UserWarning: Could not infer format, so each element will be parsed individually, falling back to `dateutil`. To ensure parsing is consistent and as-expected, please specify a format.
  chunk["pickup_datetime"] = pd.to_datetime(chunk["pickup_datetime"])

[2024-02-13T15:32:15.277+0000] {warnings.py:109} WARNING - /opt/***/dags/upload_to_pg.py:32: UserWarning: Could not infer format, so each element will be parsed individually, falling back to `dateutil`. To ensure parsing is consistent and as-expected, please specify a format.
  chunk["dropOff_datetime"] = pd.to_datetime(chunk["dropOff_datetime"])

[2024-02-13T15:33:19.193+0000] {warnings.py:109} WARNING - /opt/***/dags/upload_to_pg.py:32: UserWarning: Could not infer format, so each element will be parsed individually, falling back to `dateutil`. To ensure parsing is consistent and as-expected, please specify a format.
  chunk["dropOff_datetime"] = pd.to_datetime(chunk["dropOff_datetime"])

[2024-02-13T15:35:35.802+0000] {warnings.py:109} WARNING - /opt/***/dags/upload_to_pg.py:32: UserWarning: Could not infer format, so each element will be parsed individually, falling back to `dateutil`. To ensure parsing is consistent and as-expected, please specify a format.
  chunk["dropOff_datetime"] = pd.to_datetime(chunk["dropOff_datetime"])

[2024-02-13T15:45:25.553+0000] {warnings.py:109} WARNING - /opt/***/dags/upload_to_pg.py:32: UserWarning: Could not infer format, so each element will be parsed individually, falling back to `dateutil`. To ensure parsing is consistent and as-expected, please specify a format.
  chunk["dropOff_datetime"] = pd.to_datetime(chunk["dropOff_datetime"])

[2024-02-13T15:48:13.690+0000] {warnings.py:109} WARNING - /opt/***/dags/upload_to_pg.py:31: UserWarning: Could not infer format, so each element will be parsed individually, falling back to `dateutil`. To ensure parsing is consistent and as-expected, please specify a format.
  chunk["pickup_datetime"] = pd.to_datetime(chunk["pickup_datetime"])

[2024-02-13T15:51:41.915+0000] {warnings.py:109} WARNING - /opt/***/dags/upload_to_pg.py:31: UserWarning: Could not infer format, so each element will be parsed individually, falling back to `dateutil`. To ensure parsing is consistent and as-expected, please specify a format.
  chunk["pickup_datetime"] = pd.to_datetime(chunk["pickup_datetime"])

[2024-02-13T15:52:49.827+0000] {python.py:201} INFO - Done. Returned value was: None
[2024-02-13T15:52:49.835+0000] {taskinstance.py:1138} INFO - Marking task as SUCCESS. dag_id=ny_taxi-load_to_pg, task_id=upload_to_pg, execution_date=20240213T152146, start_date=20240213T152149, end_date=20240213T155249
[2024-02-13T15:52:49.886+0000] {local_task_job_runner.py:234} INFO - Task exited with return code 0
[2024-02-13T15:52:49.903+0000] {taskinstance.py:3280} INFO - 0 downstream tasks scheduled from follow-on schedule check
