[2024-02-12T23:06:55.474+0000] {taskinstance.py:1956} INFO - Dependencies all met for dep_context=non-requeueable deps ti=<TaskInstance: ny_taxi-load_to_pg.upload_to_pg manual__2024-02-12T23:06:53.083512+00:00 [queued]>
[2024-02-12T23:06:55.484+0000] {taskinstance.py:1956} INFO - Dependencies all met for dep_context=requeueable deps ti=<TaskInstance: ny_taxi-load_to_pg.upload_to_pg manual__2024-02-12T23:06:53.083512+00:00 [queued]>
[2024-02-12T23:06:55.485+0000] {taskinstance.py:2170} INFO - Starting attempt 1 of 1
[2024-02-12T23:06:55.498+0000] {taskinstance.py:2191} INFO - Executing <Task(PythonOperator): upload_to_pg> on 2024-02-12 23:06:53.083512+00:00
[2024-02-12T23:06:55.502+0000] {standard_task_runner.py:60} INFO - Started process 767 to run task
[2024-02-12T23:06:55.505+0000] {standard_task_runner.py:87} INFO - Running: ['***', 'tasks', 'run', 'ny_taxi-load_to_pg', 'upload_to_pg', 'manual__2024-02-12T23:06:53.083512+00:00', '--job-id', '27', '--raw', '--subdir', 'DAGS_FOLDER/dag_ny_taxi_load_to_pg.py', '--cfg-path', '/tmp/tmpmd6erpvc']
[2024-02-12T23:06:55.506+0000] {standard_task_runner.py:88} INFO - Job 27: Subtask upload_to_pg
[2024-02-12T23:06:55.548+0000] {task_command.py:423} INFO - Running <TaskInstance: ny_taxi-load_to_pg.upload_to_pg manual__2024-02-12T23:06:53.083512+00:00 [running]> on host 7b7b8b9b0fa9
[2024-02-12T23:06:55.614+0000] {taskinstance.py:2480} INFO - Exporting env vars: AIRFLOW_CTX_DAG_OWNER='***' AIRFLOW_CTX_DAG_ID='ny_taxi-load_to_pg' AIRFLOW_CTX_TASK_ID='upload_to_pg' AIRFLOW_CTX_EXECUTION_DATE='2024-02-12T23:06:53.083512+00:00' AIRFLOW_CTX_TRY_NUMBER='1' AIRFLOW_CTX_DAG_RUN_ID='manual__2024-02-12T23:06:53.083512+00:00'
[2024-02-12T23:11:42.586+0000] {warnings.py:109} WARNING - /opt/***/dags/upload_to_pg.py:12: DtypeWarning: Columns (3) have mixed types. Specify dtype option on import or set low_memory=False.
  df = pd.read_csv(f"/mnt/ny_taxi/{file}", compression="gzip")

[2024-02-12T23:12:24.394+0000] {warnings.py:109} WARNING - /opt/***/dags/upload_to_pg.py:12: DtypeWarning: Columns (3) have mixed types. Specify dtype option on import or set low_memory=False.
  df = pd.read_csv(f"/mnt/ny_taxi/{file}", compression="gzip")

[2024-02-12T23:13:03.185+0000] {warnings.py:109} WARNING - /opt/***/dags/upload_to_pg.py:12: DtypeWarning: Columns (3) have mixed types. Specify dtype option on import or set low_memory=False.
  df = pd.read_csv(f"/mnt/ny_taxi/{file}", compression="gzip")

[2024-02-12T23:13:42.820+0000] {warnings.py:109} WARNING - /opt/***/dags/upload_to_pg.py:12: DtypeWarning: Columns (3) have mixed types. Specify dtype option on import or set low_memory=False.
  df = pd.read_csv(f"/mnt/ny_taxi/{file}", compression="gzip")

[2024-02-12T23:14:24.049+0000] {warnings.py:109} WARNING - /opt/***/dags/upload_to_pg.py:12: DtypeWarning: Columns (3) have mixed types. Specify dtype option on import or set low_memory=False.
  df = pd.read_csv(f"/mnt/ny_taxi/{file}", compression="gzip")

[2024-02-12T23:15:02.766+0000] {warnings.py:109} WARNING - /opt/***/dags/upload_to_pg.py:12: DtypeWarning: Columns (3) have mixed types. Specify dtype option on import or set low_memory=False.
  df = pd.read_csv(f"/mnt/ny_taxi/{file}", compression="gzip")

[2024-02-12T23:15:42.034+0000] {warnings.py:109} WARNING - /opt/***/dags/upload_to_pg.py:12: DtypeWarning: Columns (3) have mixed types. Specify dtype option on import or set low_memory=False.
  df = pd.read_csv(f"/mnt/ny_taxi/{file}", compression="gzip")

[2024-02-12T23:16:19.633+0000] {warnings.py:109} WARNING - /opt/***/dags/upload_to_pg.py:12: DtypeWarning: Columns (3) have mixed types. Specify dtype option on import or set low_memory=False.
  df = pd.read_csv(f"/mnt/ny_taxi/{file}", compression="gzip")

[2024-02-12T23:16:53.284+0000] {warnings.py:109} WARNING - /opt/***/dags/upload_to_pg.py:12: DtypeWarning: Columns (3) have mixed types. Specify dtype option on import or set low_memory=False.
  df = pd.read_csv(f"/mnt/ny_taxi/{file}", compression="gzip")

[2024-02-12T23:17:11.792+0000] {warnings.py:109} WARNING - /opt/***/dags/upload_to_pg.py:12: DtypeWarning: Columns (3) have mixed types. Specify dtype option on import or set low_memory=False.
  df = pd.read_csv(f"/mnt/ny_taxi/{file}", compression="gzip")

[2024-02-12T23:17:15.010+0000] {warnings.py:109} WARNING - /opt/***/dags/upload_to_pg.py:12: DtypeWarning: Columns (3) have mixed types. Specify dtype option on import or set low_memory=False.
  df = pd.read_csv(f"/mnt/ny_taxi/{file}", compression="gzip")

[2024-02-12T23:17:25.433+0000] {warnings.py:109} WARNING - /opt/***/dags/upload_to_pg.py:12: DtypeWarning: Columns (3) have mixed types. Specify dtype option on import or set low_memory=False.
  df = pd.read_csv(f"/mnt/ny_taxi/{file}", compression="gzip")

[2024-02-12T23:17:31.728+0000] {warnings.py:109} WARNING - /opt/***/dags/upload_to_pg.py:12: DtypeWarning: Columns (3) have mixed types. Specify dtype option on import or set low_memory=False.
  df = pd.read_csv(f"/mnt/ny_taxi/{file}", compression="gzip")

[2024-02-12T23:17:38.594+0000] {warnings.py:109} WARNING - /opt/***/dags/upload_to_pg.py:12: DtypeWarning: Columns (3) have mixed types. Specify dtype option on import or set low_memory=False.
  df = pd.read_csv(f"/mnt/ny_taxi/{file}", compression="gzip")

[2024-02-12T23:17:46.125+0000] {warnings.py:109} WARNING - /opt/***/dags/upload_to_pg.py:12: DtypeWarning: Columns (3) have mixed types. Specify dtype option on import or set low_memory=False.
  df = pd.read_csv(f"/mnt/ny_taxi/{file}", compression="gzip")

[2024-02-12T23:17:54.092+0000] {warnings.py:109} WARNING - /opt/***/dags/upload_to_pg.py:12: DtypeWarning: Columns (3) have mixed types. Specify dtype option on import or set low_memory=False.
  df = pd.read_csv(f"/mnt/ny_taxi/{file}", compression="gzip")

[2024-02-12T23:18:01.379+0000] {warnings.py:109} WARNING - /opt/***/dags/upload_to_pg.py:12: DtypeWarning: Columns (3) have mixed types. Specify dtype option on import or set low_memory=False.
  df = pd.read_csv(f"/mnt/ny_taxi/{file}", compression="gzip")

[2024-02-12T23:59:21.696+0000] {local_task_job_runner.py:302} WARNING - State of this instance has been externally set to failed. Terminating instance.
[2024-02-12T23:59:21.699+0000] {process_utils.py:131} INFO - Sending 15 to group 767. PIDs of all processes in the group: [767]
[2024-02-12T23:59:21.700+0000] {process_utils.py:86} INFO - Sending the signal 15 to group 767
[2024-02-12T23:59:21.700+0000] {taskinstance.py:2450} ERROR - Received SIGTERM. Terminating subprocesses.
[2024-02-12T23:59:22.717+0000] {process_utils.py:79} INFO - Process psutil.Process(pid=767, status='terminated', exitcode=0, started='23:06:54') (767) terminated with exit code 0
